2026-01-19 20:21:52 | INFO | ==================================================
2026-01-19 20:21:52 | INFO | 開始生成四季線上電子節目表單
2026-01-19 20:21:52 | INFO | 開始時間: 2026-01-19 20:21:52
2026-01-19 20:21:52 | INFO | 輸出目錄: /home/runner/work/EPG/EPG/output
2026-01-19 20:21:52 | INFO | 正在獲取 四季線上 電子節目表
2026-01-19 20:21:52 | INFO | 從本地檔案讀取頻道列表: /home/runner/work/EPG/EPG/output/fourgtv.json
2026-01-19 20:21:52 | DEBUG | 等待 2.76 秒後獲取 民視第一台 節目表
2026-01-19 20:21:56 | SUCCESS | 成功獲取 民視第一台 節目表 (89 個節目)
2026-01-19 20:21:56 | SUCCESS | 成功獲取 民視第一台 節目表 (89 個節目)
2026-01-19 20:21:56 | DEBUG | 等待 1.14 秒後獲取 民視台灣台 節目表
2026-01-19 20:21:57 | SUCCESS | 成功獲取 民視台灣台 節目表 (90 個節目)
2026-01-19 20:21:57 | SUCCESS | 成功獲取 民視台灣台 節目表 (90 個節目)
2026-01-19 20:21:57 | DEBUG | 等待 1.01 秒後獲取 民視 節目表
2026-01-19 20:21:58 | SUCCESS | 成功獲取 民視 節目表 (99 個節目)
2026-01-19 20:21:58 | SUCCESS | 成功獲取 民視 節目表 (99 個節目)
2026-01-19 20:21:58 | DEBUG | 等待 1.85 秒後獲取 大愛電視 節目表
2026-01-19 20:22:00 | SUCCESS | 成功獲取 大愛電視 節目表 (210 個節目)
2026-01-19 20:22:00 | SUCCESS | 成功獲取 大愛電視 節目表 (210 個節目)
2026-01-19 20:22:00 | DEBUG | 等待 2.67 秒後獲取 中視 節目表
2026-01-19 20:22:03 | SUCCESS | 成功獲取 中視 節目表 (86 個節目)
2026-01-19 20:22:03 | SUCCESS | 成功獲取 中視 節目表 (86 個節目)
2026-01-19 20:22:03 | DEBUG | 等待 2.73 秒後獲取 中視經典台 節目表
2026-01-19 20:22:06 | SUCCESS | 成功獲取 中視經典台 節目表 (87 個節目)
2026-01-19 20:22:06 | SUCCESS | 成功獲取 中視經典台 節目表 (87 個節目)
2026-01-19 20:22:06 | DEBUG | 等待 1.24 秒後獲取 華視 節目表
2026-01-19 20:22:08 | SUCCESS | 成功獲取 華視 節目表 (74 個節目)
2026-01-19 20:22:08 | SUCCESS | 成功獲取 華視 節目表 (74 個節目)
2026-01-19 20:22:08 | DEBUG | 等待 2.87 秒後獲取 三立綜合台 節目表
2026-01-19 20:22:11 | SUCCESS | 成功獲取 三立綜合台 節目表 (72 個節目)
2026-01-19 20:22:11 | SUCCESS | 成功獲取 三立綜合台 節目表 (72 個節目)
2026-01-19 20:22:11 | DEBUG | 等待 2.14 秒後獲取 客家電視台 節目表
2026-01-19 20:22:13 | SUCCESS | 成功獲取 客家電視台 節目表 (114 個節目)
2026-01-19 20:22:13 | SUCCESS | 成功獲取 客家電視台 節目表 (114 個節目)
2026-01-19 20:22:13 | DEBUG | 等待 1.90 秒後獲取 八大綜藝台 節目表
2026-01-19 20:22:16 | SUCCESS | 成功獲取 八大綜藝台 節目表 (100 個節目)
2026-01-19 20:22:16 | SUCCESS | 成功獲取 八大綜藝台 節目表 (100 個節目)
2026-01-19 20:22:16 | DEBUG | 等待 1.52 秒後獲取 中視菁采台 節目表
2026-01-19 20:22:17 | SUCCESS | 成功獲取 中視菁采台 節目表 (63 個節目)
2026-01-19 20:22:17 | SUCCESS | 成功獲取 中視菁采台 節目表 (63 個節目)
2026-01-19 20:22:17 | DEBUG | 等待 2.35 秒後獲取 TVBS精采台 節目表
2026-01-19 20:22:20 | SUCCESS | 成功獲取 TVBS精采台 節目表 (72 個節目)
2026-01-19 20:22:20 | SUCCESS | 成功獲取 TVBS精采台 節目表 (72 個節目)
2026-01-19 20:22:20 | DEBUG | 等待 1.19 秒後獲取 愛爾達娛樂台 節目表
2026-01-19 20:22:22 | SUCCESS | 成功獲取 愛爾達娛樂台 節目表 (90 個節目)
2026-01-19 20:22:22 | SUCCESS | 成功獲取 愛爾達娛樂台 節目表 (90 個節目)
2026-01-19 20:22:22 | DEBUG | 等待 1.07 秒後獲取 靖天綜合台 節目表
2026-01-19 20:22:23 | SUCCESS | 成功獲取 靖天綜合台 節目表 (72 個節目)
2026-01-19 20:22:23 | SUCCESS | 成功獲取 靖天綜合台 節目表 (72 個節目)
2026-01-19 20:22:23 | DEBUG | 等待 1.48 秒後獲取 靖天日本台 節目表
2026-01-19 20:22:25 | SUCCESS | 成功獲取 靖天日本台 節目表 (63 個節目)
2026-01-19 20:22:25 | SUCCESS | 成功獲取 靖天日本台 節目表 (63 個節目)
2026-01-19 20:22:25 | DEBUG | 等待 1.03 秒後獲取 新唐人亞太台 節目表
2026-01-19 20:22:26 | SUCCESS | 成功獲取 新唐人亞太台 節目表 (136 個節目)
2026-01-19 20:22:26 | SUCCESS | 成功獲取 新唐人亞太台 節目表 (136 個節目)
2026-01-19 20:22:26 | DEBUG | 等待 2.00 秒後獲取 ARIRANG阿里郎頻道 節目表
2026-01-19 20:22:29 | SUCCESS | 成功獲取 ARIRANG阿里郎頻道 節目表 (169 個節目)
2026-01-19 20:22:29 | SUCCESS | 成功獲取 ARIRANG阿里郎頻道 節目表 (169 個節目)
2026-01-19 20:22:29 | DEBUG | 等待 2.12 秒後獲取 Global Trekker 節目表
2026-01-19 20:22:31 | SUCCESS | 成功獲取 Global Trekker 節目表 (85 個節目)
2026-01-19 20:22:31 | SUCCESS | 成功獲取 Global Trekker 節目表 (85 個節目)
2026-01-19 20:22:31 | DEBUG | 等待 2.43 秒後獲取 原住民族電視台 節目表
2026-01-19 20:22:34 | SUCCESS | 成功獲取 原住民族電視台 節目表 (81 個節目)
2026-01-19 20:22:34 | SUCCESS | 成功獲取 原住民族電視台 節目表 (81 個節目)
2026-01-19 20:22:34 | DEBUG | 等待 2.77 秒後獲取 東森購物四台 節目表
2026-01-19 20:22:37 | SUCCESS | 成功獲取 東森購物四台 節目表 (72 個節目)
2026-01-19 20:22:37 | SUCCESS | 成功獲取 東森購物四台 節目表 (72 個節目)
2026-01-19 20:22:37 | DEBUG | 等待 2.57 秒後獲取 LiveABC互動英語頻道 節目表
2026-01-19 20:22:40 | SUCCESS | 成功獲取 LiveABC互動英語頻道 節目表 (201 個節目)
2026-01-19 20:22:40 | SUCCESS | 成功獲取 LiveABC互動英語頻道 節目表 (201 個節目)
2026-01-19 20:22:40 | DEBUG | 等待 1.87 秒後獲取 達文西頻道 節目表
2026-01-19 20:22:42 | SUCCESS | 成功獲取 達文西頻道 節目表 (321 個節目)
2026-01-19 20:22:42 | SUCCESS | 成功獲取 達文西頻道 節目表 (321 個節目)
2026-01-19 20:22:42 | DEBUG | 等待 1.62 秒後獲取 ELTV生活英語台 節目表
2026-01-19 20:22:44 | SUCCESS | 成功獲取 ELTV生活英語台 節目表 (78 個節目)
2026-01-19 20:22:44 | SUCCESS | 成功獲取 ELTV生活英語台 節目表 (78 個節目)
2026-01-19 20:22:44 | DEBUG | 等待 1.48 秒後獲取 Nick Jr. 兒童頻道 節目表
2026-01-19 20:22:45 | SUCCESS | 成功獲取 Nick Jr. 兒童頻道 節目表 (278 個節目)
2026-01-19 20:22:45 | SUCCESS | 成功獲取 Nick Jr. 兒童頻道 節目表 (278 個節目)
2026-01-19 20:22:45 | DEBUG | 等待 2.02 秒後獲取 尼克兒童頻道 節目表
2026-01-19 20:22:48 | SUCCESS | 成功獲取 尼克兒童頻道 節目表 (198 個節目)
2026-01-19 20:22:48 | SUCCESS | 成功獲取 尼克兒童頻道 節目表 (198 個節目)
2026-01-19 20:22:48 | DEBUG | 等待 2.87 秒後獲取 DreamWorks 夢工廠動畫 節目表
2026-01-19 20:22:51 | SUCCESS | 成功獲取 DreamWorks 夢工廠動畫 節目表 (180 個節目)
2026-01-19 20:22:51 | SUCCESS | 成功獲取 DreamWorks 夢工廠動畫 節目表 (180 個節目)
2026-01-19 20:22:51 | DEBUG | 等待 2.98 秒後獲取 靖天卡通台 節目表
2026-01-19 20:22:54 | SUCCESS | 成功獲取 靖天卡通台 節目表 (144 個節目)
2026-01-19 20:22:54 | SUCCESS | 成功獲取 靖天卡通台 節目表 (144 個節目)
2026-01-19 20:22:54 | DEBUG | 等待 1.25 秒後獲取 靖洋卡通Nice Bingo 節目表
2026-01-19 20:22:56 | SUCCESS | 成功獲取 靖洋卡通Nice Bingo 節目表 (144 個節目)
2026-01-19 20:22:56 | SUCCESS | 成功獲取 靖洋卡通Nice Bingo 節目表 (144 個節目)
2026-01-19 20:22:56 | DEBUG | 等待 1.27 秒後獲取 MOMO親子台 節目表
2026-01-19 20:22:57 | SUCCESS | 成功獲取 MOMO親子台 節目表 (160 個節目)
2026-01-19 20:22:57 | SUCCESS | 成功獲取 MOMO親子台 節目表 (160 個節目)
2026-01-19 20:22:57 | DEBUG | 等待 1.25 秒後獲取 東森購物一台 節目表
2026-01-19 20:22:59 | SUCCESS | 成功獲取 東森購物一台 節目表 (72 個節目)
2026-01-19 20:22:59 | SUCCESS | 成功獲取 東森購物一台 節目表 (72 個節目)
2026-01-19 20:22:59 | DEBUG | 等待 2.30 秒後獲取 鏡電視新聞台 節目表
2026-01-19 20:23:01 | SUCCESS | 成功獲取 鏡電視新聞台 節目表 (72 個節目)
2026-01-19 20:23:01 | SUCCESS | 成功獲取 鏡電視新聞台 節目表 (72 個節目)
2026-01-19 20:23:01 | DEBUG | 等待 2.25 秒後獲取 東森新聞台 節目表
2026-01-19 20:23:04 | SUCCESS | 成功獲取 東森新聞台 節目表 (35 個節目)
2026-01-19 20:23:04 | SUCCESS | 成功獲取 東森新聞台 節目表 (35 個節目)
2026-01-19 20:23:04 | DEBUG | 等待 2.84 秒後獲取 華視新聞 節目表
2026-01-19 20:23:07 | SUCCESS | 成功獲取 華視新聞 節目表 (66 個節目)
2026-01-19 20:23:07 | SUCCESS | 成功獲取 華視新聞 節目表 (66 個節目)
2026-01-19 20:23:07 | DEBUG | 等待 1.26 秒後獲取 民視新聞台 節目表
2026-01-19 20:23:09 | SUCCESS | 成功獲取 民視新聞台 節目表 (72 個節目)
2026-01-19 20:23:09 | SUCCESS | 成功獲取 民視新聞台 節目表 (72 個節目)
2026-01-19 20:23:09 | DEBUG | 等待 1.33 秒後獲取 三立新聞iNEWS 節目表
2026-01-19 20:23:10 | SUCCESS | 成功獲取 三立新聞iNEWS 節目表 (63 個節目)
2026-01-19 20:23:10 | SUCCESS | 成功獲取 三立新聞iNEWS 節目表 (63 個節目)
2026-01-19 20:23:10 | DEBUG | 等待 2.93 秒後獲取 TVBS新聞 節目表
2026-01-19 20:23:14 | SUCCESS | 成功獲取 TVBS新聞 節目表 (72 個節目)
2026-01-19 20:23:14 | SUCCESS | 成功獲取 TVBS新聞 節目表 (72 個節目)
2026-01-19 20:23:14 | DEBUG | 等待 2.28 秒後獲取 東森財經新聞台 節目表
2026-01-19 20:23:16 | SUCCESS | 成功獲取 東森財經新聞台 節目表 (61 個節目)
2026-01-19 20:23:16 | SUCCESS | 成功獲取 東森財經新聞台 節目表 (61 個節目)
2026-01-19 20:23:16 | DEBUG | 等待 1.33 秒後獲取 中視新聞 節目表
2026-01-19 20:23:18 | SUCCESS | 成功獲取 中視新聞 節目表 (72 個節目)
2026-01-19 20:23:18 | SUCCESS | 成功獲取 中視新聞 節目表 (72 個節目)
2026-01-19 20:23:18 | DEBUG | 等待 1.13 秒後獲取 中天新聞台 節目表
2026-01-19 20:23:19 | SUCCESS | 成功獲取 中天新聞台 節目表 (72 個節目)
2026-01-19 20:23:19 | SUCCESS | 成功獲取 中天新聞台 節目表 (72 個節目)
2026-01-19 20:23:19 | DEBUG | 等待 2.17 秒後獲取 Bloomberg TV 節目表
2026-01-19 20:23:22 | SUCCESS | 成功獲取 Bloomberg TV 節目表 (61 個節目)
2026-01-19 20:23:22 | SUCCESS | 成功獲取 Bloomberg TV 節目表 (61 個節目)
2026-01-19 20:23:22 | DEBUG | 等待 1.49 秒後獲取 寰宇新聞台 節目表
2026-01-19 20:23:23 | SUCCESS | 成功獲取 寰宇新聞台 節目表 (72 個節目)
2026-01-19 20:23:23 | SUCCESS | 成功獲取 寰宇新聞台 節目表 (72 個節目)
2026-01-19 20:23:23 | DEBUG | 等待 2.34 秒後獲取 寰宇新聞台灣台 節目表
2026-01-19 20:23:26 | SUCCESS | 成功獲取 寰宇新聞台灣台 節目表 (72 個節目)
2026-01-19 20:23:26 | SUCCESS | 成功獲取 寰宇新聞台灣台 節目表 (72 個節目)
2026-01-19 20:23:26 | DEBUG | 等待 2.01 秒後獲取 SBN全球財經台 節目表
2026-01-19 20:23:28 | SUCCESS | 成功獲取 SBN全球財經台 節目表 (144 個節目)
2026-01-19 20:23:28 | SUCCESS | 成功獲取 SBN全球財經台 節目表 (144 個節目)
2026-01-19 20:23:28 | DEBUG | 等待 2.94 秒後獲取 TVBS 節目表
2026-01-19 20:23:31 | SUCCESS | 成功獲取 TVBS 節目表 (72 個節目)
2026-01-19 20:23:31 | SUCCESS | 成功獲取 TVBS 節目表 (72 個節目)
2026-01-19 20:23:31 | DEBUG | 等待 2.45 秒後獲取 東森購物二台 節目表
2026-01-19 20:23:34 | SUCCESS | 成功獲取 東森購物二台 節目表 (72 個節目)
2026-01-19 20:23:34 | SUCCESS | 成功獲取 東森購物二台 節目表 (72 個節目)
2026-01-19 20:23:34 | DEBUG | 等待 2.89 秒後獲取 民視綜藝台 節目表
2026-01-19 20:23:37 | SUCCESS | 成功獲取 民視綜藝台 節目表 (54 個節目)
2026-01-19 20:23:37 | SUCCESS | 成功獲取 民視綜藝台 節目表 (54 個節目)
2026-01-19 20:23:37 | DEBUG | 等待 1.96 秒後獲取 豬哥亮歌廳秀 節目表
2026-01-19 20:23:40 | SUCCESS | 成功獲取 豬哥亮歌廳秀 節目表 (66 個節目)
2026-01-19 20:23:40 | SUCCESS | 成功獲取 豬哥亮歌廳秀 節目表 (66 個節目)
2026-01-19 20:23:40 | DEBUG | 等待 2.13 秒後獲取 靖天育樂台 節目表
2026-01-19 20:23:42 | SUCCESS | 成功獲取 靖天育樂台 節目表 (72 個節目)
2026-01-19 20:23:42 | SUCCESS | 成功獲取 靖天育樂台 節目表 (72 個節目)
2026-01-19 20:23:42 | DEBUG | 等待 1.40 秒後獲取 KLT-靖天國際台 節目表
2026-01-19 20:23:44 | SUCCESS | 成功獲取 KLT-靖天國際台 節目表 (144 個節目)
2026-01-19 20:23:44 | SUCCESS | 成功獲取 KLT-靖天國際台 節目表 (144 個節目)
2026-01-19 20:23:44 | DEBUG | 等待 1.15 秒後獲取 Nice TV 靖天歡樂台 節目表
2026-01-19 20:23:45 | SUCCESS | 成功獲取 Nice TV 靖天歡樂台 節目表 (66 個節目)
2026-01-19 20:23:45 | SUCCESS | 成功獲取 Nice TV 靖天歡樂台 節目表 (66 個節目)
2026-01-19 20:23:45 | DEBUG | 等待 2.58 秒後獲取 靖天資訊台 節目表
2026-01-19 20:23:48 | SUCCESS | 成功獲取 靖天資訊台 節目表 (74 個節目)
2026-01-19 20:23:48 | SUCCESS | 成功獲取 靖天資訊台 節目表 (74 個節目)
2026-01-19 20:23:48 | DEBUG | 等待 2.71 秒後獲取 TVBS歡樂台 節目表
2026-01-19 20:23:51 | SUCCESS | 成功獲取 TVBS歡樂台 節目表 (72 個節目)
2026-01-19 20:23:51 | SUCCESS | 成功獲取 TVBS歡樂台 節目表 (72 個節目)
2026-01-19 20:23:51 | DEBUG | 等待 2.19 秒後獲取 韓國娛樂台 KMTV 節目表
2026-01-19 20:23:54 | SUCCESS | 成功獲取 韓國娛樂台 KMTV 節目表 (132 個節目)
2026-01-19 20:23:54 | SUCCESS | 成功獲取 韓國娛樂台 KMTV 節目表 (132 個節目)
2026-01-19 20:23:54 | DEBUG | 等待 2.68 秒後獲取 ROCK Entertainment 節目表
2026-01-19 20:23:56 | SUCCESS | 成功獲取 ROCK Entertainment 節目表 (84 個節目)
2026-01-19 20:23:56 | SUCCESS | 成功獲取 ROCK Entertainment 節目表 (84 個節目)
2026-01-19 20:23:56 | DEBUG | 等待 1.42 秒後獲取 Lifetime 娛樂頻道 節目表
2026-01-19 20:23:58 | SUCCESS | 成功獲取 Lifetime 娛樂頻道 節目表 (84 個節目)
2026-01-19 20:23:58 | SUCCESS | 成功獲取 Lifetime 娛樂頻道 節目表 (84 個節目)
2026-01-19 20:23:58 | DEBUG | 等待 1.48 秒後獲取 電影原聲台CMusic 節目表
2026-01-19 20:24:00 | SUCCESS | 成功獲取 電影原聲台CMusic 節目表 (1396 個節目)
2026-01-19 20:24:00 | SUCCESS | 成功獲取 電影原聲台CMusic 節目表 (1396 個節目)
2026-01-19 20:24:00 | DEBUG | 等待 2.12 秒後獲取 TRACE Urban 節目表
2026-01-19 20:24:02 | SUCCESS | 成功獲取 TRACE Urban 節目表 (27 個節目)
2026-01-19 20:24:02 | SUCCESS | 成功獲取 TRACE Urban 節目表 (27 個節目)
2026-01-19 20:24:02 | DEBUG | 等待 1.09 秒後獲取 Mezzo Live HD 節目表
2026-01-19 20:24:04 | SUCCESS | 成功獲取 Mezzo Live HD 節目表 (46 個節目)
2026-01-19 20:24:04 | SUCCESS | 成功獲取 Mezzo Live HD 節目表 (46 個節目)
2026-01-19 20:24:04 | DEBUG | 等待 2.02 秒後獲取 CLASSICA 古典樂 節目表
2026-01-19 20:24:06 | SUCCESS | 成功獲取 CLASSICA 古典樂 節目表 (74 個節目)
2026-01-19 20:24:06 | SUCCESS | 成功獲取 CLASSICA 古典樂 節目表 (74 個節目)
2026-01-19 20:24:06 | DEBUG | 等待 2.83 秒後獲取 東森購物三台 節目表
2026-01-19 20:24:09 | SUCCESS | 成功獲取 東森購物三台 節目表 (72 個節目)
2026-01-19 20:24:09 | SUCCESS | 成功獲取 東森購物三台 節目表 (72 個節目)
2026-01-19 20:24:09 | DEBUG | 等待 2.51 秒後獲取 INULTRA 節目表
2026-01-19 20:24:12 | SUCCESS | 成功獲取 INULTRA 節目表 (124 個節目)
2026-01-19 20:24:12 | SUCCESS | 成功獲取 INULTRA 節目表 (124 個節目)
2026-01-19 20:24:12 | DEBUG | 等待 1.74 秒後獲取 TRACE Sport Stars 節目表
2026-01-19 20:24:14 | SUCCESS | 成功獲取 TRACE Sport Stars 節目表 (144 個節目)
2026-01-19 20:24:14 | SUCCESS | 成功獲取 TRACE Sport Stars 節目表 (144 個節目)
2026-01-19 20:24:14 | DEBUG | 等待 2.78 秒後獲取 智林體育台 節目表
2026-01-19 20:24:17 | SUCCESS | 成功獲取 智林體育台 節目表 (25 個節目)
2026-01-19 20:24:17 | SUCCESS | 成功獲取 智林體育台 節目表 (25 個節目)
2026-01-19 20:24:17 | DEBUG | 等待 1.02 秒後獲取 時尚運動X 節目表
2026-01-19 20:24:19 | SUCCESS | 成功獲取 時尚運動X 節目表 (268 個節目)
2026-01-19 20:24:19 | SUCCESS | 成功獲取 時尚運動X 節目表 (268 個節目)
2026-01-19 20:24:19 | DEBUG | 等待 2.96 秒後獲取 車迷TV 節目表
2026-01-19 20:24:22 | SUCCESS | 成功獲取 車迷TV 節目表 (119 個節目)
2026-01-19 20:24:22 | SUCCESS | 成功獲取 車迷TV 節目表 (119 個節目)
2026-01-19 20:24:22 | DEBUG | 等待 2.95 秒後獲取 GINX Esports TV 節目表
2026-01-19 20:24:25 | SUCCESS | 成功獲取 GINX Esports TV 節目表 (96 個節目)
2026-01-19 20:24:25 | SUCCESS | 成功獲取 GINX Esports TV 節目表 (96 個節目)
2026-01-19 20:24:25 | DEBUG | 等待 2.60 秒後獲取 Pet Club TV 節目表
2026-01-19 20:24:28 | SUCCESS | 成功獲取 Pet Club TV 節目表 (84 個節目)
2026-01-19 20:24:28 | SUCCESS | 成功獲取 Pet Club TV 節目表 (84 個節目)
2026-01-19 20:24:28 | DEBUG | 等待 1.49 秒後獲取 民視旅遊台 節目表
2026-01-19 20:24:30 | SUCCESS | 成功獲取 民視旅遊台 節目表 (136 個節目)
2026-01-19 20:24:30 | SUCCESS | 成功獲取 民視旅遊台 節目表 (136 個節目)
2026-01-19 20:24:30 | DEBUG | 等待 1.48 秒後獲取 滾動力rollor 節目表
2026-01-19 20:24:31 | SUCCESS | 成功獲取 滾動力rollor 節目表 (72 個節目)
2026-01-19 20:24:31 | SUCCESS | 成功獲取 滾動力rollor 節目表 (72 個節目)
2026-01-19 20:24:31 | DEBUG | 等待 1.64 秒後獲取 亞洲旅遊台 節目表
2026-01-19 20:24:33 | SUCCESS | 成功獲取 亞洲旅遊台 節目表 (72 個節目)
2026-01-19 20:24:33 | SUCCESS | 成功獲取 亞洲旅遊台 節目表 (72 個節目)
2026-01-19 20:24:33 | DEBUG | 等待 1.59 秒後獲取 fun探索娛樂台 節目表
2026-01-19 20:24:35 | SUCCESS | 成功獲取 fun探索娛樂台 節目表 (69 個節目)
2026-01-19 20:24:35 | SUCCESS | 成功獲取 fun探索娛樂台 節目表 (69 個節目)
2026-01-19 20:24:35 | DEBUG | 等待 1.80 秒後獲取 幸福空間居家台 節目表
2026-01-19 20:24:37 | SUCCESS | 成功獲取 幸福空間居家台 節目表 (72 個節目)
2026-01-19 20:24:37 | SUCCESS | 成功獲取 幸福空間居家台 節目表 (72 個節目)
2026-01-19 20:24:37 | DEBUG | 等待 1.64 秒後獲取 Love Nature 節目表
2026-01-19 20:24:39 | SUCCESS | 成功獲取 Love Nature 節目表 (81 個節目)
2026-01-19 20:24:39 | SUCCESS | 成功獲取 Love Nature 節目表 (81 個節目)
2026-01-19 20:24:39 | DEBUG | 等待 1.76 秒後獲取 History 歷史頻道 節目表
2026-01-19 20:24:41 | SUCCESS | 成功獲取 History 歷史頻道 節目表 (78 個節目)
2026-01-19 20:24:41 | SUCCESS | 成功獲取 History 歷史頻道 節目表 (78 個節目)
2026-01-19 20:24:41 | DEBUG | 等待 1.37 秒後獲取 愛爾達生活旅遊台 節目表
2026-01-19 20:24:43 | SUCCESS | 成功獲取 愛爾達生活旅遊台 節目表 (112 個節目)
2026-01-19 20:24:43 | SUCCESS | 成功獲取 愛爾達生活旅遊台 節目表 (112 個節目)
2026-01-19 20:24:43 | DEBUG | 等待 2.54 秒後獲取 LUXE TV Channel 節目表
2026-01-19 20:24:46 | SUCCESS | 成功獲取 LUXE TV Channel 節目表 (216 個節目)
2026-01-19 20:24:46 | SUCCESS | 成功獲取 LUXE TV Channel 節目表 (216 個節目)
2026-01-19 20:24:46 | DEBUG | 等待 2.84 秒後獲取 TV5MONDE STYLE HD 生活時尚 節目表
2026-01-19 20:24:49 | SUCCESS | 成功獲取 TV5MONDE STYLE HD 生活時尚 節目表 (132 個節目)
2026-01-19 20:24:49 | SUCCESS | 成功獲取 TV5MONDE STYLE HD 生活時尚 節目表 (132 個節目)
2026-01-19 20:24:49 | DEBUG | 等待 2.97 秒後獲取 MagellanTV頻道 (麥哲倫頻道)  節目表
2026-01-19 20:24:52 | SUCCESS | 成功獲取 MagellanTV頻道 (麥哲倫頻道)  節目表 (90 個節目)
2026-01-19 20:24:52 | SUCCESS | 成功獲取 MagellanTV頻道 (麥哲倫頻道)  節目表 (90 個節目)
2026-01-19 20:24:52 | DEBUG | 等待 1.11 秒後獲取 公視戲劇 節目表
2026-01-19 20:24:54 | SUCCESS | 成功獲取 公視戲劇 節目表 (56 個節目)
2026-01-19 20:24:54 | SUCCESS | 成功獲取 公視戲劇 節目表 (56 個節目)
2026-01-19 20:24:54 | DEBUG | 等待 2.31 秒後獲取 民視影劇台 節目表
2026-01-19 20:24:56 | SUCCESS | 成功獲取 民視影劇台 節目表 (59 個節目)
2026-01-19 20:24:56 | SUCCESS | 成功獲取 民視影劇台 節目表 (59 個節目)
2026-01-19 20:24:56 | DEBUG | 等待 1.88 秒後獲取 HITS頻道 節目表
2026-01-19 20:24:58 | SUCCESS | 成功獲取 HITS頻道 節目表 (82 個節目)
2026-01-19 20:24:58 | SUCCESS | 成功獲取 HITS頻道 節目表 (82 個節目)
2026-01-19 20:24:58 | DEBUG | 等待 1.40 秒後獲取 八大精彩台 節目表
2026-01-19 20:25:00 | SUCCESS | 成功獲取 八大精彩台 節目表 (72 個節目)
2026-01-19 20:25:00 | SUCCESS | 成功獲取 八大精彩台 節目表 (72 個節目)
2026-01-19 20:25:00 | DEBUG | 等待 1.95 秒後獲取 GagaOOLala 精選LGBTQ+好劇 節目表
2026-01-19 20:25:02 | SUCCESS | 成功獲取 GagaOOLala 精選LGBTQ+好劇 節目表 (134 個節目)
2026-01-19 20:25:02 | SUCCESS | 成功獲取 GagaOOLala 精選LGBTQ+好劇 節目表 (134 個節目)
2026-01-19 20:25:02 | DEBUG | 等待 1.45 秒後獲取 靖天戲劇台 節目表
2026-01-19 20:25:04 | SUCCESS | 成功獲取 靖天戲劇台 節目表 (72 個節目)
2026-01-19 20:25:04 | SUCCESS | 成功獲取 靖天戲劇台 節目表 (72 個節目)
2026-01-19 20:25:04 | DEBUG | 等待 1.16 秒後獲取 靖洋戲劇台 節目表
2026-01-19 20:25:05 | SUCCESS | 成功獲取 靖洋戲劇台 節目表 (72 個節目)
2026-01-19 20:25:05 | SUCCESS | 成功獲取 靖洋戲劇台 節目表 (72 個節目)
2026-01-19 20:25:05 | DEBUG | 等待 2.11 秒後獲取 CI 罪案偵查頻道 節目表
2026-01-19 20:25:08 | SUCCESS | 成功獲取 CI 罪案偵查頻道 節目表 (83 個節目)
2026-01-19 20:25:08 | SUCCESS | 成功獲取 CI 罪案偵查頻道 節目表 (83 個節目)
2026-01-19 20:25:08 | DEBUG | 等待 2.00 秒後獲取 視納華仁紀實頻道 節目表
2026-01-19 20:25:10 | SUCCESS | 成功獲取 視納華仁紀實頻道 節目表 (84 個節目)
2026-01-19 20:25:10 | SUCCESS | 成功獲取 視納華仁紀實頻道 節目表 (84 個節目)
2026-01-19 20:25:10 | DEBUG | 等待 2.89 秒後獲取 影迷數位紀實台 節目表
2026-01-19 20:25:13 | SUCCESS | 成功獲取 影迷數位紀實台 節目表 (72 個節目)
2026-01-19 20:25:13 | SUCCESS | 成功獲取 影迷數位紀實台 節目表 (72 個節目)
2026-01-19 20:25:13 | DEBUG | 等待 2.42 秒後獲取 金光布袋戲 節目表
2026-01-19 20:25:16 | SUCCESS | 成功獲取 金光布袋戲 節目表 (42 個節目)
2026-01-19 20:25:16 | SUCCESS | 成功獲取 金光布袋戲 節目表 (42 個節目)
2026-01-19 20:25:16 | DEBUG | 等待 1.53 秒後獲取 ROCK Action 節目表
2026-01-19 20:25:18 | SUCCESS | 成功獲取 ROCK Action 節目表 (40 個節目)
2026-01-19 20:25:18 | SUCCESS | 成功獲取 ROCK Action 節目表 (40 個節目)
2026-01-19 20:25:18 | DEBUG | 等待 2.32 秒後獲取 采昌影劇台 節目表
2026-01-19 20:25:20 | SUCCESS | 成功獲取 采昌影劇台 節目表 (42 個節目)
2026-01-19 20:25:20 | SUCCESS | 成功獲取 采昌影劇台 節目表 (42 個節目)
2026-01-19 20:25:20 | DEBUG | 等待 2.79 秒後獲取 靖天映畫 節目表
2026-01-19 20:25:24 | SUCCESS | 成功獲取 靖天映畫 節目表 (36 個節目)
2026-01-19 20:25:24 | SUCCESS | 成功獲取 靖天映畫 節目表 (36 個節目)
2026-01-19 20:25:24 | DEBUG | 等待 1.15 秒後獲取 靖天電影台 節目表
2026-01-19 20:25:25 | SUCCESS | 成功獲取 靖天電影台 節目表 (39 個節目)
2026-01-19 20:25:25 | SUCCESS | 成功獲取 靖天電影台 節目表 (39 個節目)
2026-01-19 20:25:25 | DEBUG | 等待 1.23 秒後獲取 影迷數位電影台 節目表
2026-01-19 20:25:26 | SUCCESS | 成功獲取 影迷數位電影台 節目表 (38 個節目)
2026-01-19 20:25:26 | SUCCESS | 成功獲取 影迷數位電影台 節目表 (38 個節目)
2026-01-19 20:25:26 | DEBUG | 等待 1.60 秒後獲取 amc電影台 節目表
2026-01-19 20:25:28 | SUCCESS | 成功獲取 amc電影台 節目表 (48 個節目)
2026-01-19 20:25:28 | SUCCESS | 成功獲取 amc電影台 節目表 (48 個節目)
2026-01-19 20:25:28 | DEBUG | 等待 1.77 秒後獲取 CinemaWorld 節目表
2026-01-19 20:25:30 | SUCCESS | 成功獲取 CinemaWorld 節目表 (44 個節目)
2026-01-19 20:25:30 | SUCCESS | 成功獲取 CinemaWorld 節目表 (44 個節目)
2026-01-19 20:25:30 | DEBUG | 等待 2.47 秒後獲取 My Cinema Europe HD 我的歐洲電影 節目表
2026-01-19 20:25:33 | SUCCESS | 成功獲取 My Cinema Europe HD 我的歐洲電影 節目表 (44 個節目)
2026-01-19 20:25:33 | SUCCESS | 成功獲取 My Cinema Europe HD 我的歐洲電影 節目表 (44 個節目)
2026-01-19 20:25:33 | DEBUG | 等待 2.73 秒後獲取 好消息 節目表
2026-01-19 20:25:36 | SUCCESS | 成功獲取 好消息 節目表 (153 個節目)
2026-01-19 20:25:36 | SUCCESS | 成功獲取 好消息 節目表 (153 個節目)
2026-01-19 20:25:36 | DEBUG | 等待 2.25 秒後獲取 好消息2台 節目表
2026-01-19 20:25:39 | SUCCESS | 成功獲取 好消息2台 節目表 (135 個節目)
2026-01-19 20:25:39 | SUCCESS | 成功獲取 好消息2台 節目表 (135 個節目)
2026-01-19 20:25:39 | DEBUG | 等待 1.82 秒後獲取 大愛二台 節目表
2026-01-19 20:25:41 | SUCCESS | 成功獲取 大愛二台 節目表 (150 個節目)
2026-01-19 20:25:41 | SUCCESS | 成功獲取 大愛二台 節目表 (150 個節目)
2026-01-19 20:25:41 | DEBUG | 等待 1.33 秒後獲取 人間衛視 節目表
2026-01-19 20:25:42 | SUCCESS | 成功獲取 人間衛視 節目表 (93 個節目)
2026-01-19 20:25:42 | SUCCESS | 成功獲取 人間衛視 節目表 (93 個節目)
2026-01-19 20:25:42 | DEBUG | 等待 1.47 秒後獲取 NHK WORLD-JAPAN 節目表
2026-01-19 20:25:44 | SUCCESS | 成功獲取 NHK WORLD-JAPAN 節目表 (177 個節目)
2026-01-19 20:25:44 | SUCCESS | 成功獲取 NHK WORLD-JAPAN 節目表 (177 個節目)
2026-01-19 20:25:44 | DEBUG | 等待 2.09 秒後獲取 FRANCE24 英文台 節目表
2026-01-19 20:25:47 | SUCCESS | 成功獲取 FRANCE24 英文台 節目表 (356 個節目)
2026-01-19 20:25:47 | SUCCESS | 成功獲取 FRANCE24 英文台 節目表 (356 個節目)
2026-01-19 20:25:47 | DEBUG | 等待 2.56 秒後獲取 半島國際新聞台 節目表
2026-01-19 20:25:49 | SUCCESS | 成功獲取 半島國際新聞台 節目表 (116 個節目)
2026-01-19 20:25:49 | SUCCESS | 成功獲取 半島國際新聞台 節目表 (116 個節目)
2026-01-19 20:25:49 | DEBUG | 等待 1.34 秒後獲取 CNBC Asia 財經台 節目表
2026-01-19 20:25:51 | SUCCESS | 成功獲取 CNBC Asia 財經台 節目表 (142 個節目)
2026-01-19 20:25:51 | SUCCESS | 成功獲取 CNBC Asia 財經台 節目表 (142 個節目)
2026-01-19 20:25:51 | DEBUG | 等待 2.19 秒後獲取 DW德國之聲 節目表
2026-01-19 20:25:54 | SUCCESS | 成功獲取 DW德國之聲 節目表 (194 個節目)
2026-01-19 20:25:54 | SUCCESS | 成功獲取 DW德國之聲 節目表 (194 個節目)
2026-01-19 20:25:54 | DEBUG | 等待 1.93 秒後獲取 國會頻道1 節目表
2026-01-19 20:25:56 | SUCCESS | 成功獲取 國會頻道1 節目表 (12 個節目)
2026-01-19 20:25:56 | SUCCESS | 成功獲取 國會頻道1 節目表 (12 個節目)
2026-01-19 20:25:56 | DEBUG | 等待 2.22 秒後獲取 國會頻道2 節目表
2026-01-19 20:25:58 | SUCCESS | 成功獲取 國會頻道2 節目表 (12 個節目)
2026-01-19 20:25:58 | SUCCESS | 成功獲取 國會頻道2 節目表 (12 個節目)
2026-01-19 20:25:58 | DEBUG | 等待 1.03 秒後獲取 TVBS綜藝台 節目表
2026-01-19 20:26:00 | SUCCESS | 成功獲取 TVBS綜藝台 節目表 (72 個節目)
2026-01-19 20:26:00 | SUCCESS | 成功獲取 TVBS綜藝台 節目表 (72 個節目)
2026-01-19 20:26:00 | DEBUG | 等待 2.81 秒後獲取 TVBS台劇台 節目表
2026-01-19 20:26:03 | SUCCESS | 成功獲取 TVBS台劇台 節目表 (72 個節目)
2026-01-19 20:26:03 | SUCCESS | 成功獲取 TVBS台劇台 節目表 (72 個節目)
2026-01-19 20:26:03 | DEBUG | 等待 1.84 秒後獲取 經典電影台 節目表
2026-01-19 20:26:05 | SUCCESS | 成功獲取 經典電影台 節目表 (40 個節目)
2026-01-19 20:26:05 | SUCCESS | 成功獲取 經典電影台 節目表 (40 個節目)
2026-01-19 20:26:05 | DEBUG | 等待 2.66 秒後獲取 經典卡通台 節目表
2026-01-19 20:26:08 | SUCCESS | 成功獲取 經典卡通台 節目表 (54 個節目)
2026-01-19 20:26:08 | SUCCESS | 成功獲取 經典卡通台 節目表 (54 個節目)
2026-01-19 20:26:08 | DEBUG | 等待 1.25 秒後獲取 精選動漫台 節目表
2026-01-19 20:26:09 | SUCCESS | 成功獲取 精選動漫台 節目表 (132 個節目)
2026-01-19 20:26:09 | SUCCESS | 成功獲取 精選動漫台 節目表 (132 個節目)
2026-01-19 20:26:09 | INFO | 共獲取 113 個頻道, 12300 個節目
2026-01-19 20:26:10 | INFO | 電子節目表單已生成: /home/runner/work/EPG/EPG/output/4g.xml
2026-01-19 20:26:10 | SUCCESS | EPG生成完成: /home/runner/work/EPG/EPG/output/4g.xml
